{"C:\\Users\\Anna Morales\\Desktop\\sample\\cloneArray.js": {"path":"C:\\Users\\Anna Morales\\Desktop\\sample\\cloneArray.js","statementMap":{"0":{"start":{"line":2,"column":4},"end":{"line":3,"column":1}},"1":{"start":{"line":5,"column":0},"end":{"line":5,"column":26}}},"fnMap":{"0":{"name":"cloneArray","decl":{"start":{"line":1,"column":9},"end":{"line":1,"column":19}},"loc":{"start":{"line":1,"column":24},"end":{"line":4,"column":1}},"line":1}},"branchMap":{},"s":{"0":1,"1":1},"f":{"0":1},"b":{},"_coverageSchema":"1a1c01bbd47fc00a2c39e90264f33305004495a9","hash":"bc2231d17fab1d47ca9d59f9a8a2b5df7e3fbf7a"}
,"C:\\Users\\Anna Morales\\Desktop\\sample\\fizzbuzz.js": {"path":"C:\\Users\\Anna Morales\\Desktop\\sample\\fizzbuzz.js","statementMap":{"0":{"start":{"line":2,"column":4},"end":{"line":13,"column":5}},"1":{"start":{"line":3,"column":8},"end":{"line":3,"column":26}},"2":{"start":{"line":5,"column":9},"end":{"line":13,"column":5}},"3":{"start":{"line":6,"column":8},"end":{"line":6,"column":22}},"4":{"start":{"line":8,"column":9},"end":{"line":13,"column":5}},"5":{"start":{"line":9,"column":8},"end":{"line":9,"column":22}},"6":{"start":{"line":12,"column":8},"end":{"line":12,"column":17}},"7":{"start":{"line":15,"column":0},"end":{"line":15,"column":24}}},"fnMap":{"0":{"name":"fizzbuzz","decl":{"start":{"line":1,"column":9},"end":{"line":1,"column":17}},"loc":{"start":{"line":1,"column":20},"end":{"line":14,"column":1}},"line":1}},"branchMap":{"0":{"loc":{"start":{"line":2,"column":4},"end":{"line":13,"column":5}},"type":"if","locations":[{"start":{"line":2,"column":4},"end":{"line":13,"column":5}},{"start":{"line":5,"column":9},"end":{"line":13,"column":5}}],"line":2},"1":{"loc":{"start":{"line":2,"column":8},"end":{"line":2,"column":26}},"type":"binary-expr","locations":[{"start":{"line":2,"column":8},"end":{"line":2,"column":15}},{"start":{"line":2,"column":19},"end":{"line":2,"column":26}}],"line":2},"2":{"loc":{"start":{"line":5,"column":9},"end":{"line":13,"column":5}},"type":"if","locations":[{"start":{"line":5,"column":9},"end":{"line":13,"column":5}},{"start":{"line":8,"column":9},"end":{"line":13,"column":5}}],"line":5},"3":{"loc":{"start":{"line":8,"column":9},"end":{"line":13,"column":5}},"type":"if","locations":[{"start":{"line":8,"column":9},"end":{"line":13,"column":5}},{"start":{"line":11,"column":8},"end":{"line":13,"column":5}}],"line":8}},"s":{"0":4,"1":1,"2":3,"3":1,"4":2,"5":1,"6":1,"7":1},"f":{"0":4},"b":{"0":[1,3],"1":[4,2],"2":[1,2],"3":[1,1]},"_coverageSchema":"1a1c01bbd47fc00a2c39e90264f33305004495a9","hash":"e15ed286498c9ae32a42218f6d63c50957db522f"}
,"C:\\Users\\Anna Morales\\Desktop\\sample\\greaterorless.js": {"path":"C:\\Users\\Anna Morales\\Desktop\\sample\\greaterorless.js","statementMap":{"0":{"start":{"line":2,"column":4},"end":{"line":10,"column":5}},"1":{"start":{"line":3,"column":8},"end":{"line":3,"column":17}},"2":{"start":{"line":5,"column":9},"end":{"line":10,"column":5}},"3":{"start":{"line":6,"column":8},"end":{"line":6,"column":17}},"4":{"start":{"line":9,"column":8},"end":{"line":9,"column":23}},"5":{"start":{"line":12,"column":0},"end":{"line":12,"column":30}}},"fnMap":{"0":{"name":"comparenumbers","decl":{"start":{"line":1,"column":9},"end":{"line":1,"column":23}},"loc":{"start":{"line":1,"column":28},"end":{"line":11,"column":1}},"line":1}},"branchMap":{"0":{"loc":{"start":{"line":2,"column":4},"end":{"line":10,"column":5}},"type":"if","locations":[{"start":{"line":2,"column":4},"end":{"line":10,"column":5}},{"start":{"line":5,"column":9},"end":{"line":10,"column":5}}],"line":2},"1":{"loc":{"start":{"line":5,"column":9},"end":{"line":10,"column":5}},"type":"if","locations":[{"start":{"line":5,"column":9},"end":{"line":10,"column":5}},{"start":{"line":8,"column":8},"end":{"line":10,"column":5}}],"line":5}},"s":{"0":3,"1":1,"2":2,"3":1,"4":1,"5":1},"f":{"0":3},"b":{"0":[1,2],"1":[1,1]},"_coverageSchema":"1a1c01bbd47fc00a2c39e90264f33305004495a9","hash":"c7a049ff6416684b997c20e74b7f49b6ec0ab8ce"}
,"C:\\Users\\Anna Morales\\Desktop\\sample\\mdas.js": {"path":"C:\\Users\\Anna Morales\\Desktop\\sample\\mdas.js","statementMap":{"0":{"start":{"line":2,"column":4},"end":{"line":2,"column":28}},"1":{"start":{"line":4,"column":0},"end":{"line":4,"column":20}}},"fnMap":{"0":{"name":"mdas","decl":{"start":{"line":1,"column":9},"end":{"line":1,"column":13}},"loc":{"start":{"line":1,"column":24},"end":{"line":3,"column":1}},"line":1}},"branchMap":{},"s":{"0":1,"1":1},"f":{"0":1},"b":{},"_coverageSchema":"1a1c01bbd47fc00a2c39e90264f33305004495a9","hash":"a72344eb86a025d4bf53953f9616b20c04283d18"}
,"C:\\Users\\Anna Morales\\Desktop\\sample\\multiply.js": {"path":"C:\\Users\\Anna Morales\\Desktop\\sample\\multiply.js","statementMap":{"0":{"start":{"line":2,"column":4},"end":{"line":2,"column":17}},"1":{"start":{"line":4,"column":0},"end":{"line":4,"column":24}}},"fnMap":{"0":{"name":"multiply","decl":{"start":{"line":1,"column":9},"end":{"line":1,"column":17}},"loc":{"start":{"line":1,"column":22},"end":{"line":3,"column":1}},"line":1}},"branchMap":{},"s":{"0":1,"1":1},"f":{"0":1},"b":{},"_coverageSchema":"1a1c01bbd47fc00a2c39e90264f33305004495a9","hash":"bb0d495dd51646099d8378ecd5f8b45de5e921cc"}
,"C:\\Users\\Anna Morales\\Desktop\\sample\\subtract.js": {"path":"C:\\Users\\Anna Morales\\Desktop\\sample\\subtract.js","statementMap":{"0":{"start":{"line":2,"column":4},"end":{"line":2,"column":17}},"1":{"start":{"line":4,"column":0},"end":{"line":4,"column":24}}},"fnMap":{"0":{"name":"subtract","decl":{"start":{"line":1,"column":9},"end":{"line":1,"column":17}},"loc":{"start":{"line":1,"column":23},"end":{"line":3,"column":1}},"line":1}},"branchMap":{},"s":{"0":1,"1":1},"f":{"0":1},"b":{},"_coverageSchema":"1a1c01bbd47fc00a2c39e90264f33305004495a9","hash":"b57124fedb7a201b7467e78e80481b546fe54d0b"}
,"C:\\Users\\Anna Morales\\Desktop\\sample\\sum.js": {"path":"C:\\Users\\Anna Morales\\Desktop\\sample\\sum.js","statementMap":{"0":{"start":{"line":2,"column":4},"end":{"line":2,"column":17}},"1":{"start":{"line":4,"column":0},"end":{"line":4,"column":19}}},"fnMap":{"0":{"name":"sum","decl":{"start":{"line":1,"column":9},"end":{"line":1,"column":12}},"loc":{"start":{"line":1,"column":18},"end":{"line":3,"column":1}},"line":1}},"branchMap":{},"s":{"0":1,"1":1},"f":{"0":1},"b":{},"_coverageSchema":"1a1c01bbd47fc00a2c39e90264f33305004495a9","hash":"da0b7226744239a27a301447017598b4e9a2f463"}
}
