TN:
SF:cloneArray.js
FN:1,cloneArray
FNF:1
FNH:1
FNDA:1,cloneArray
DA:2,1
DA:5,1
LF:2
LH:2
BRF:0
BRH:0
end_of_record
TN:
SF:fizzbuzz.js
FN:1,fizzbuzz
FNF:1
FNH:1
FNDA:4,fizzbuzz
DA:2,4
DA:3,1
DA:5,3
DA:6,1
DA:8,2
DA:9,1
DA:12,1
DA:15,1
LF:8
LH:8
BRDA:2,0,0,1
BRDA:2,0,1,3
BRDA:2,1,0,4
BRDA:2,1,1,2
BRDA:5,2,0,1
BRDA:5,2,1,2
BRDA:8,3,0,1
BRDA:8,3,1,1
BRF:8
BRH:8
end_of_record
TN:
SF:greaterorless.js
FN:1,comparenumbers
FNF:1
FNH:1
FNDA:3,comparenumbers
DA:2,3
DA:3,1
DA:5,2
DA:6,1
DA:9,1
DA:12,1
LF:6
LH:6
BRDA:2,0,0,1
BRDA:2,0,1,2
BRDA:5,1,0,1
BRDA:5,1,1,1
BRF:4
BRH:4
end_of_record
TN:
SF:mdas.js
FN:1,mdas
FNF:1
FNH:1
FNDA:1,mdas
DA:2,1
DA:4,1
LF:2
LH:2
BRF:0
BRH:0
end_of_record
TN:
SF:multiply.js
FN:1,multiply
FNF:1
FNH:1
FNDA:1,multiply
DA:2,1
DA:4,1
LF:2
LH:2
BRF:0
BRH:0
end_of_record
TN:
SF:subtract.js
FN:1,subtract
FNF:1
FNH:1
FNDA:1,subtract
DA:2,1
DA:4,1
LF:2
LH:2
BRF:0
BRH:0
end_of_record
TN:
SF:sum.js
FN:1,sum
FNF:1
FNH:1
FNDA:1,sum
DA:2,1
DA:4,1
LF:2
LH:2
BRF:0
BRH:0
end_of_record
